[2026-03-24T12:05:53.148Z] {"timestamp":1774353951141,"level":"DEBUG","args":["[Manus] Debug collector initialized (no rrweb, UI events only)"],"stack":null}
[2026-03-24T12:05:53.148Z] {"timestamp":1774353951153,"level":"DEBUG","args":["[vite] connected."],"stack":null}
[2026-03-24T12:07:13.092Z] {"timestamp":1774354030745,"level":"DEBUG","args":["[vite]","hot updated: /src/index.css"],"stack":null}
[2026-03-24T12:07:13.092Z] {"timestamp":1774354030746,"level":"DEBUG","args":["[vite]","hot updated: /src/components/slides/CoverSlide.tsx"],"stack":null}
[2026-03-24T12:07:19.516Z] {"timestamp":1774354037791,"level":"DEBUG","args":["[vite]","hot updated: /src/index.css"],"stack":null}
[2026-03-24T12:07:19.516Z] {"timestamp":1774354037791,"level":"DEBUG","args":["[vite]","hot updated: /src/components/slides/CoverSlide.tsx"],"stack":null}
[2026-03-24T12:07:19.516Z] {"timestamp":1774354039352,"level":"DEBUG","args":["[vite]","hot updated: /src/index.css"],"stack":null}
[2026-03-24T12:07:19.516Z] {"timestamp":1774354039352,"level":"DEBUG","args":["[vite]","hot updated: /src/components/slides/CoverSlide.tsx"],"stack":null}
[2026-03-24T12:09:23.511Z] {"timestamp":1774354162389,"level":"DEBUG","args":["[vite]","hot updated: /src/index.css"],"stack":null}
[2026-03-24T12:09:23.511Z] {"timestamp":1774354162389,"level":"DEBUG","args":["[vite]","hot updated: /src/components/slides/CoverSlide.tsx"],"stack":null}
[2026-03-24T12:09:30.303Z] {"timestamp":1774354164675,"level":"DEBUG","args":["[vite]","hot updated: /src/index.css"],"stack":null}
[2026-03-24T12:09:30.303Z] {"timestamp":1774354164675,"level":"DEBUG","args":["[vite]","hot updated: /src/components/slides/CoverSlide.tsx"],"stack":null}
[2026-03-24T12:09:30.303Z] {"timestamp":1774354167876,"level":"DEBUG","args":["[vite]","hot updated: /src/index.css"],"stack":null}
[2026-03-24T12:09:30.303Z] {"timestamp":1774354167876,"level":"DEBUG","args":["[vite]","hot updated: /src/components/slides/CoverSlide.tsx"],"stack":null}
[2026-03-24T12:09:30.303Z] {"timestamp":1774354169926,"level":"DEBUG","args":["[vite]","hot updated: /src/index.css"],"stack":null}
[2026-03-24T12:09:30.303Z] {"timestamp":1774354169926,"level":"DEBUG","args":["[vite]","hot updated: /src/components/slides/CoverSlide.tsx"],"stack":null}
[2026-03-24T12:09:38.829Z] {"timestamp":1774354177117,"level":"DEBUG","args":["[vite]","hot updated: /src/index.css"],"stack":null}
[2026-03-24T12:09:38.830Z] {"timestamp":1774354177117,"level":"DEBUG","args":["[vite]","hot updated: /src/components/slides/CoverSlide.tsx"],"stack":null}
[2026-03-24T12:11:20.741Z] {"timestamp":1774354276101,"level":"DEBUG","args":["[vite]","hot updated: /src/index.css"],"stack":null}
[2026-03-24T12:11:20.741Z] {"timestamp":1774354276101,"level":"DEBUG","args":["[vite]","hot updated: /src/components/slides/PainPointSlide.tsx"],"stack":null}
[2026-03-24T12:12:41.085Z] {"timestamp":1774354314382,"level":"DEBUG","args":["[vite]","hot updated: /src/index.css"],"stack":null}
[2026-03-24T12:12:41.086Z] {"timestamp":1774354314382,"level":"DEBUG","args":["[vite]","hot updated: /src/components/slides/PainPointSlide.tsx"],"stack":null}
[2026-03-24T12:13:24.482Z] {"timestamp":1774354402549,"level":"DEBUG","args":["[vite]","hot updated: /src/index.css"],"stack":null}
[2026-03-24T12:13:24.482Z] {"timestamp":1774354402550,"level":"DEBUG","args":["[vite]","hot updated: /src/components/slides/SolutionSlide.tsx"],"stack":null}
[2026-03-24T12:16:13.284Z] {"timestamp":1774354571371,"level":"DEBUG","args":["[vite]","hot updated: /src/index.css"],"stack":null}
[2026-03-24T12:16:13.284Z] {"timestamp":1774354571371,"level":"DEBUG","args":["[vite]","hot updated: /src/components/slides/ProductSlide.tsx"],"stack":null}
[2026-03-24T12:16:30.910Z] {"timestamp":1774354588619,"level":"DEBUG","args":["[vite]","hot updated: /src/index.css"],"stack":null}
[2026-03-24T12:16:30.910Z] {"timestamp":1774354588619,"level":"DEBUG","args":["[vite]","hot updated: /src/components/slides/WhyNowSlide.tsx"],"stack":null}
[2026-03-24T12:16:34.142Z] {"timestamp":1774354593031,"level":"DEBUG","args":["[vite]","hot updated: /src/index.css"],"stack":null}
[2026-03-24T12:16:34.142Z] {"timestamp":1774354593031,"level":"DEBUG","args":["[vite]","hot updated: /src/components/slides/WhyNowSlide.tsx"],"stack":null}
[2026-03-24T12:17:54.955Z] {"timestamp":1774354673018,"level":"DEBUG","args":["[vite]","hot updated: /src/index.css"],"stack":null}
[2026-03-24T12:17:54.955Z] {"timestamp":1774354673018,"level":"DEBUG","args":["[vite]","hot updated: /src/components/slides/WhyUsSlide.tsx"],"stack":null}
[2026-03-24T12:18:02.022Z] {"timestamp":1774354680924,"level":"DEBUG","args":["[vite]","hot updated: /src/index.css"],"stack":null}
[2026-03-24T12:18:02.022Z] {"timestamp":1774354680924,"level":"DEBUG","args":["[vite]","hot updated: /src/components/slides/WhyUsSlide.tsx"],"stack":null}
[2026-03-24T12:18:46.608Z] {"timestamp":1774354725881,"level":"DEBUG","args":["[vite]","hot updated: /src/index.css"],"stack":null}
[2026-03-24T12:18:46.608Z] {"timestamp":1774354725881,"level":"DEBUG","args":["[vite]","hot updated: /src/components/slides/WhyUsSlide.tsx"],"stack":null}
[2026-03-24T12:18:51.514Z] {"timestamp":1774354731127,"level":"DEBUG","args":["[vite]","hot updated: /src/index.css"],"stack":null}
[2026-03-24T12:18:51.514Z] {"timestamp":1774354731127,"level":"DEBUG","args":["[vite]","hot updated: /src/components/slides/WhyUsSlide.tsx"],"stack":null}
[2026-03-24T12:19:00.611Z] {"timestamp":1774354739660,"level":"DEBUG","args":["[vite]","hot updated: /src/index.css"],"stack":null}
[2026-03-24T12:19:00.611Z] {"timestamp":1774354739660,"level":"DEBUG","args":["[vite]","hot updated: /src/components/slides/WhyUsSlide.tsx"],"stack":null}
[2026-03-24T12:19:04.132Z] {"timestamp":1774354741339,"level":"DEBUG","args":["[vite]","hot updated: /src/index.css"],"stack":null}
[2026-03-24T12:19:04.132Z] {"timestamp":1774354741339,"level":"DEBUG","args":["[vite]","hot updated: /src/components/slides/WhyUsSlide.tsx"],"stack":null}
[2026-03-24T12:19:06.108Z] {"timestamp":1774354744175,"level":"DEBUG","args":["[vite]","hot updated: /src/index.css"],"stack":null}
[2026-03-24T12:19:06.108Z] {"timestamp":1774354744175,"level":"DEBUG","args":["[vite]","hot updated: /src/components/slides/WhyUsSlide.tsx"],"stack":null}
[2026-03-24T12:21:21.667Z] {"timestamp":1774354881494,"level":"DEBUG","args":["[vite]","hot updated: /src/index.css"],"stack":null}
[2026-03-24T12:21:21.667Z] {"timestamp":1774354881494,"level":"DEBUG","args":["[vite]","hot updated: /src/components/slides/WhyUsSlide.tsx"],"stack":null}
[2026-03-24T12:21:33.628Z] {"timestamp":1774354890246,"level":"DEBUG","args":["[vite]","hot updated: /src/index.css"],"stack":null}
[2026-03-24T12:21:33.628Z] {"timestamp":1774354890246,"level":"DEBUG","args":["[vite]","hot updated: /src/components/slides/WhyUsSlide.tsx"],"stack":null}
[2026-03-24T12:21:33.628Z] {"timestamp":1774354893615,"level":"DEBUG","args":["[vite]","hot updated: /src/index.css"],"stack":null}
[2026-03-24T12:21:33.628Z] {"timestamp":1774354893615,"level":"DEBUG","args":["[vite]","hot updated: /src/components/slides/WhyUsSlide.tsx"],"stack":null}
[2026-03-24T12:21:35.620Z] {"timestamp":1774354894235,"level":"DEBUG","args":["[vite]","hot updated: /src/index.css"],"stack":null}
[2026-03-24T12:21:35.620Z] {"timestamp":1774354894235,"level":"DEBUG","args":["[vite]","hot updated: /src/components/slides/WhyUsSlide.tsx"],"stack":null}
[2026-03-24T12:35:00.428Z] {"timestamp":1774355697634,"level":"DEBUG","args":["[vite]","hot updated: /src/index.css"],"stack":null}
[2026-03-24T12:35:00.428Z] {"timestamp":1774355697634,"level":"DEBUG","args":["[vite]","hot updated: /src/components/slides/WhyUsSlide.tsx"],"stack":null}
[2026-03-24T12:35:00.428Z] {"timestamp":1774355700414,"level":"DEBUG","args":["[vite]","hot updated: /src/index.css"],"stack":null}
[2026-03-24T12:35:00.428Z] {"timestamp":1774355700414,"level":"DEBUG","args":["[vite]","hot updated: /src/components/slides/WhyUsSlide.tsx"],"stack":null}
[2026-03-24T12:35:03.160Z] {"timestamp":1774355702859,"level":"DEBUG","args":["[vite]","hot updated: /src/index.css"],"stack":null}
[2026-03-24T12:35:03.160Z] {"timestamp":1774355702860,"level":"DEBUG","args":["[vite]","hot updated: /src/components/slides/WhyUsSlide.tsx"],"stack":null}
[2026-03-24T12:35:07.159Z] {"timestamp":1774355704394,"level":"DEBUG","args":["[vite]","hot updated: /src/index.css"],"stack":null}
[2026-03-24T12:35:07.159Z] {"timestamp":1774355704394,"level":"DEBUG","args":["[vite]","hot updated: /src/components/slides/WhyUsSlide.tsx"],"stack":null}
[2026-03-24T12:35:40.971Z] {"timestamp":1774355740462,"level":"DEBUG","args":["[vite]","hot updated: /src/index.css"],"stack":null}
[2026-03-24T12:35:40.971Z] {"timestamp":1774355740463,"level":"DEBUG","args":["[vite]","hot updated: /src/components/slides/WhyUsSlide.tsx"],"stack":null}
[2026-03-24T12:36:41.206Z] {"timestamp":1774355800787,"level":"DEBUG","args":["[vite]","hot updated: /src/index.css"],"stack":null}
[2026-03-24T12:36:41.206Z] {"timestamp":1774355800788,"level":"DEBUG","args":["[vite]","hot updated: /src/components/slides/ProgressSlide.tsx"],"stack":null}
[2026-03-24T12:37:35.057Z] {"timestamp":1774355847650,"level":"DEBUG","args":["[vite]","hot updated: /src/index.css"],"stack":null}
[2026-03-24T12:37:35.057Z] {"timestamp":1774355847650,"level":"DEBUG","args":["[vite]","hot updated: /src/components/slides/ProgressSlide.tsx"],"stack":null}
[2026-03-24T12:37:37.060Z] {"timestamp":1774355855144,"level":"DEBUG","args":["[vite]","hot updated: /src/index.css"],"stack":null}
[2026-03-24T12:37:37.060Z] {"timestamp":1774355855144,"level":"DEBUG","args":["[vite]","hot updated: /src/components/slides/ProgressSlide.tsx"],"stack":null}
[2026-03-24T12:37:41.724Z] {"timestamp":1774355859720,"level":"DEBUG","args":["[Manus] Debug collector initialized (no rrweb, UI events only)"],"stack":null}
[2026-03-24T12:37:41.724Z] {"timestamp":1774355859750,"level":"DEBUG","args":["[vite] connected."],"stack":null}
[2026-03-24T12:38:08.559Z] {"timestamp":1774355884993,"level":"DEBUG","args":["[vite]","hot updated: /src/index.css"],"stack":null}
[2026-03-24T12:38:08.559Z] {"timestamp":1774355884994,"level":"DEBUG","args":["[vite]","hot updated: /src/components/slides/ProgressSlide.tsx"],"stack":null}
[2026-03-24T12:38:08.559Z] {"timestamp":1774355887399,"level":"DEBUG","args":["[vite]","hot updated: /src/index.css"],"stack":null}
[2026-03-24T12:38:08.559Z] {"timestamp":1774355887399,"level":"DEBUG","args":["[vite]","hot updated: /src/components/slides/ProgressSlide.tsx"],"stack":null}
[2026-03-24T12:38:10.584Z] {"timestamp":1774355890024,"level":"DEBUG","args":["[vite]","hot updated: /src/index.css"],"stack":null}
[2026-03-24T12:38:10.584Z] {"timestamp":1774355890024,"level":"DEBUG","args":["[vite]","hot updated: /src/components/slides/ProgressSlide.tsx"],"stack":null}
[2026-03-24T12:38:38.764Z] {"timestamp":1774355918375,"level":"DEBUG","args":["[vite]","hot updated: /src/index.css"],"stack":null}
[2026-03-24T12:38:38.764Z] {"timestamp":1774355918375,"level":"DEBUG","args":["[vite]","hot updated: /src/components/slides/ProgressSlide.tsx"],"stack":null}
[2026-03-24T12:38:45.381Z] {"timestamp":1774355923932,"level":"DEBUG","args":["[vite]","hot updated: /src/index.css"],"stack":null}
[2026-03-24T12:38:45.381Z] {"timestamp":1774355923933,"level":"DEBUG","args":["[vite]","hot updated: /src/components/slides/ProgressSlide.tsx"],"stack":null}
[2026-03-24T12:39:05.423Z] {"timestamp":1774355944199,"level":"DEBUG","args":["[vite]","hot updated: /src/index.css"],"stack":null}
[2026-03-24T12:39:05.423Z] {"timestamp":1774355944199,"level":"DEBUG","args":["[vite]","hot updated: /src/components/slides/BusinessModelSlide.tsx"],"stack":null}
[2026-03-24T12:39:05.423Z] {"timestamp":1774355944466,"level":"DEBUG","args":["[vite]","hot updated: /src/index.css"],"stack":null}
[2026-03-24T12:39:05.423Z] {"timestamp":1774355944466,"level":"DEBUG","args":["[vite]","hot updated: /src/components/slides/BusinessModelSlide.tsx"],"stack":null}
[2026-03-24T12:39:26.035Z] {"timestamp":1774355961998,"level":"DEBUG","args":["[vite]","hot updated: /src/index.css"],"stack":null}
[2026-03-24T12:39:26.035Z] {"timestamp":1774355961998,"level":"DEBUG","args":["[vite]","hot updated: /src/components/slides/BusinessModelSlide.tsx"],"stack":null}
[2026-03-24T12:39:36.370Z] {"timestamp":1774355974411,"level":"DEBUG","args":["[vite]","hot updated: /src/index.css"],"stack":null}
[2026-03-24T12:39:36.370Z] {"timestamp":1774355974411,"level":"DEBUG","args":["[vite]","hot updated: /src/components/slides/BusinessModelSlide.tsx"],"stack":null}
[2026-03-24T12:39:36.370Z] {"timestamp":1774355974475,"level":"DEBUG","args":["[vite]","hot updated: /src/index.css"],"stack":null}
[2026-03-24T12:39:36.370Z] {"timestamp":1774355974475,"level":"DEBUG","args":["[vite]","hot updated: /src/components/slides/BusinessModelSlide.tsx"],"stack":null}
[2026-03-24T12:39:36.370Z] {"timestamp":1774355974574,"level":"DEBUG","args":["[vite]","hot updated: /src/index.css"],"stack":null}
[2026-03-24T12:39:36.370Z] {"timestamp":1774355974574,"level":"DEBUG","args":["[vite]","hot updated: /src/components/slides/BusinessModelSlide.tsx"],"stack":null}
[2026-03-24T12:39:36.370Z] {"timestamp":1774355974667,"level":"DEBUG","args":["[vite]","hot updated: /src/index.css"],"stack":null}
[2026-03-24T12:39:36.370Z] {"timestamp":1774355974667,"level":"DEBUG","args":["[vite]","hot updated: /src/components/slides/BusinessModelSlide.tsx"],"stack":null}
[2026-03-24T12:39:46.402Z] {"timestamp":1774355983462,"level":"DEBUG","args":["[vite]","hot updated: /src/index.css"],"stack":null}
[2026-03-24T12:39:46.402Z] {"timestamp":1774355983462,"level":"DEBUG","args":["[vite]","hot updated: /src/components/slides/BusinessModelSlide.tsx"],"stack":null}
[2026-03-24T12:39:46.402Z] {"timestamp":1774355984283,"level":"DEBUG","args":["[vite]","hot updated: /src/index.css"],"stack":null}
[2026-03-24T12:39:46.402Z] {"timestamp":1774355984283,"level":"DEBUG","args":["[vite]","hot updated: /src/components/slides/BusinessModelSlide.tsx"],"stack":null}
[2026-03-24T12:40:40.168Z] {"timestamp":1774356018678,"level":"DEBUG","args":["[vite]","hot updated: /src/index.css"],"stack":null}
[2026-03-24T12:40:40.168Z] {"timestamp":1774356018678,"level":"DEBUG","args":["[vite]","hot updated: /src/components/slides/BusinessModelSlide.tsx"],"stack":null}
[2026-03-24T12:40:40.168Z] {"timestamp":1774356019077,"level":"DEBUG","args":["[vite]","hot updated: /src/index.css"],"stack":null}
[2026-03-24T12:40:40.168Z] {"timestamp":1774356019077,"level":"DEBUG","args":["[vite]","hot updated: /src/components/slides/BusinessModelSlide.tsx"],"stack":null}
[2026-03-24T12:40:42.172Z] {"timestamp":1774356040284,"level":"DEBUG","args":["[vite]","hot updated: /src/index.css"],"stack":null}
[2026-03-24T12:40:42.172Z] {"timestamp":1774356040284,"level":"DEBUG","args":["[vite]","hot updated: /src/components/slides/BusinessModelSlide.tsx"],"stack":null}
[2026-03-24T12:40:42.172Z] {"timestamp":1774356040353,"level":"DEBUG","args":["[vite]","hot updated: /src/index.css"],"stack":null}
[2026-03-24T12:40:42.172Z] {"timestamp":1774356040353,"level":"DEBUG","args":["[vite]","hot updated: /src/components/slides/BusinessModelSlide.tsx"],"stack":null}
[2026-03-24T12:40:42.172Z] {"timestamp":1774356040399,"level":"DEBUG","args":["[vite]","hot updated: /src/index.css"],"stack":null}
[2026-03-24T12:40:42.172Z] {"timestamp":1774356040399,"level":"DEBUG","args":["[vite]","hot updated: /src/components/slides/BusinessModelSlide.tsx"],"stack":null}
[2026-03-24T12:40:42.172Z] {"timestamp":1774356040490,"level":"DEBUG","args":["[vite]","hot updated: /src/index.css"],"stack":null}
[2026-03-24T12:40:42.172Z] {"timestamp":1774356040490,"level":"DEBUG","args":["[vite]","hot updated: /src/components/slides/BusinessModelSlide.tsx"],"stack":null}
[2026-03-24T12:40:47.877Z] {"timestamp":1774356046407,"level":"DEBUG","args":["[vite]","hot updated: /src/index.css"],"stack":null}
[2026-03-24T12:40:47.877Z] {"timestamp":1774356046408,"level":"DEBUG","args":["[vite]","hot updated: /src/components/slides/BusinessModelSlide.tsx"],"stack":null}
[2026-03-24T12:40:56.140Z] {"timestamp":1774356053618,"level":"DEBUG","args":["[vite]","hot updated: /src/index.css"],"stack":null}
[2026-03-24T12:40:56.140Z] {"timestamp":1774356053618,"level":"DEBUG","args":["[vite]","hot updated: /src/components/slides/BusinessModelSlide.tsx"],"stack":null}
[2026-03-24T12:40:58.141Z] {"timestamp":1774356056570,"level":"DEBUG","args":["[vite]","hot updated: /src/index.css"],"stack":null}
[2026-03-24T12:40:58.141Z] {"timestamp":1774356056570,"level":"DEBUG","args":["[vite]","hot updated: /src/components/slides/BusinessModelSlide.tsx"],"stack":null}
[2026-03-24T12:42:10.434Z] {"timestamp":1774356126562,"level":"DEBUG","args":["[vite]","hot updated: /src/index.css"],"stack":null}
[2026-03-24T12:42:10.434Z] {"timestamp":1774356126563,"level":"DEBUG","args":["[vite]","hot updated: /src/components/slides/BusinessModelSlide.tsx"],"stack":null}
[2026-03-24T12:42:10.434Z] {"timestamp":1774356129711,"level":"DEBUG","args":["[vite]","hot updated: /src/index.css"],"stack":null}
[2026-03-24T12:42:10.434Z] {"timestamp":1774356129711,"level":"DEBUG","args":["[vite]","hot updated: /src/components/slides/BusinessModelSlide.tsx"],"stack":null}
[2026-03-24T12:42:14.938Z] {"timestamp":1774356133037,"level":"DEBUG","args":["[vite]","hot updated: /src/index.css"],"stack":null}
[2026-03-24T12:42:14.938Z] {"timestamp":1774356133037,"level":"DEBUG","args":["[vite]","hot updated: /src/components/slides/BusinessModelSlide.tsx"],"stack":null}
[2026-03-24T12:42:34.884Z] {"timestamp":1774356153564,"level":"DEBUG","args":["[vite]","hot updated: /src/index.css"],"stack":null}
[2026-03-24T12:42:34.884Z] {"timestamp":1774356153564,"level":"DEBUG","args":["[vite]","hot updated: /src/components/slides/BusinessModelSlide.tsx"],"stack":null}
[2026-03-24T12:42:36.887Z] {"timestamp":1774356155347,"level":"DEBUG","args":["[vite]","hot updated: /src/index.css"],"stack":null}
[2026-03-24T12:42:36.887Z] {"timestamp":1774356155347,"level":"DEBUG","args":["[vite]","hot updated: /src/components/slides/BusinessModelSlide.tsx"],"stack":null}
[2026-03-24T12:43:06.940Z] {"timestamp":1774356183724,"level":"DEBUG","args":["[vite]","hot updated: /src/index.css"],"stack":null}
[2026-03-24T12:43:06.940Z] {"timestamp":1774356183724,"level":"DEBUG","args":["[vite]","hot updated: /src/components/slides/GrowthSlide.tsx"],"stack":null}
[2026-03-24T12:43:06.940Z] {"timestamp":1774356186640,"level":"DEBUG","args":["[vite]","hot updated: /src/index.css"],"stack":null}
[2026-03-24T12:43:06.940Z] {"timestamp":1774356186640,"level":"DEBUG","args":["[vite]","hot updated: /src/components/slides/GrowthSlide.tsx"],"stack":null}
[2026-03-24T12:43:38.471Z] {"timestamp":1774356216538,"level":"DEBUG","args":["[vite]","hot updated: /src/index.css"],"stack":null}
[2026-03-24T12:43:38.471Z] {"timestamp":1774356216538,"level":"DEBUG","args":["[vite]","hot updated: /src/components/slides/TeamSlide.tsx"],"stack":null}
[2026-03-24T12:44:03.437Z] {"timestamp":1774356241499,"level":"DEBUG","args":["[vite]","hot updated: /src/index.css"],"stack":null}
[2026-03-24T12:44:03.437Z] {"timestamp":1774356241499,"level":"DEBUG","args":["[vite]","hot updated: /src/components/slides/TeamSlide.tsx"],"stack":null}
[2026-03-24T12:44:03.437Z] {"timestamp":1774356241556,"level":"DEBUG","args":["[vite]","hot updated: /src/index.css"],"stack":null}
[2026-03-24T12:44:03.437Z] {"timestamp":1774356241556,"level":"DEBUG","args":["[vite]","hot updated: /src/components/slides/TeamSlide.tsx"],"stack":null}
[2026-03-24T12:44:22.254Z] {"timestamp":1774356260016,"level":"DEBUG","args":["[vite]","hot updated: /src/index.css"],"stack":null}
[2026-03-24T12:44:22.254Z] {"timestamp":1774356260016,"level":"DEBUG","args":["[vite]","hot updated: /src/components/slides/TeamSlide.tsx"],"stack":null}
[2026-03-24T12:44:25.541Z] {"timestamp":1774356262253,"level":"DEBUG","args":["[vite]","hot updated: /src/index.css"],"stack":null}
[2026-03-24T12:44:25.541Z] {"timestamp":1774356262253,"level":"DEBUG","args":["[vite]","hot updated: /src/components/slides/TeamSlide.tsx"],"stack":null}
[2026-03-24T12:44:33.890Z] {"timestamp":1774356267295,"level":"DEBUG","args":["[vite]","hot updated: /src/index.css"],"stack":null}
[2026-03-24T12:44:33.890Z] {"timestamp":1774356267295,"level":"DEBUG","args":["[vite]","hot updated: /src/components/slides/TeamSlide.tsx"],"stack":null}
[2026-03-24T12:44:33.890Z] {"timestamp":1774356271505,"level":"DEBUG","args":["[vite]","hot updated: /src/index.css"],"stack":null}
[2026-03-24T12:44:33.890Z] {"timestamp":1774356271505,"level":"DEBUG","args":["[vite]","hot updated: /src/components/slides/TeamSlide.tsx"],"stack":null}
[2026-03-24T12:44:36.932Z] {"timestamp":1774356275267,"level":"DEBUG","args":["[vite]","hot updated: /src/index.css"],"stack":null}
[2026-03-24T12:44:36.932Z] {"timestamp":1774356275267,"level":"DEBUG","args":["[vite]","hot updated: /src/components/slides/TeamSlide.tsx"],"stack":null}
[2026-03-24T12:44:36.932Z] {"timestamp":1774356276772,"level":"DEBUG","args":["[vite]","hot updated: /src/index.css"],"stack":null}
[2026-03-24T12:44:36.932Z] {"timestamp":1774356276772,"level":"DEBUG","args":["[vite]","hot updated: /src/components/slides/TeamSlide.tsx"],"stack":null}
[2026-03-24T12:44:54.246Z] {"timestamp":1774356286950,"level":"DEBUG","args":["[vite]","hot updated: /src/index.css"],"stack":null}
[2026-03-24T12:44:54.246Z] {"timestamp":1774356286950,"level":"DEBUG","args":["[vite]","hot updated: /src/components/slides/TeamSlide.tsx"],"stack":null}
[2026-03-24T12:44:54.246Z] {"timestamp":1774356288919,"level":"DEBUG","args":["[vite]","hot updated: /src/index.css"],"stack":null}
[2026-03-24T12:44:54.246Z] {"timestamp":1774356288919,"level":"DEBUG","args":["[vite]","hot updated: /src/components/slides/TeamSlide.tsx"],"stack":null}
[2026-03-24T12:44:54.246Z] {"timestamp":1774356289932,"level":"DEBUG","args":["[vite]","hot updated: /src/index.css"],"stack":null}
[2026-03-24T12:44:54.246Z] {"timestamp":1774356289932,"level":"DEBUG","args":["[vite]","hot updated: /src/components/slides/TeamSlide.tsx"],"stack":null}
[2026-03-24T12:44:54.246Z] {"timestamp":1774356291760,"level":"DEBUG","args":["[vite]","hot updated: /src/index.css"],"stack":null}
[2026-03-24T12:44:54.246Z] {"timestamp":1774356291760,"level":"DEBUG","args":["[vite]","hot updated: /src/components/slides/TeamSlide.tsx"],"stack":null}
[2026-03-24T12:45:03.282Z] {"timestamp":1774356299413,"level":"DEBUG","args":["[vite]","hot updated: /src/index.css"],"stack":null}
[2026-03-24T12:45:03.282Z] {"timestamp":1774356299413,"level":"DEBUG","args":["[vite]","hot updated: /src/components/slides/TeamSlide.tsx"],"stack":null}
[2026-03-24T12:45:03.282Z] {"timestamp":1774356302341,"level":"DEBUG","args":["[vite]","hot updated: /src/index.css"],"stack":null}
[2026-03-24T12:45:03.282Z] {"timestamp":1774356302341,"level":"DEBUG","args":["[vite]","hot updated: /src/components/slides/TeamSlide.tsx"],"stack":null}
[2026-03-24T12:45:09.796Z] {"timestamp":1774356308421,"level":"DEBUG","args":["[vite]","hot updated: /src/index.css"],"stack":null}
[2026-03-24T12:45:09.796Z] {"timestamp":1774356308422,"level":"DEBUG","args":["[vite]","hot updated: /src/components/slides/TeamSlide.tsx"],"stack":null}
[2026-03-24T12:46:15.113Z] {"timestamp":1774356369606,"level":"DEBUG","args":["[vite]","hot updated: /src/index.css"],"stack":null}
[2026-03-24T12:46:15.113Z] {"timestamp":1774356369606,"level":"DEBUG","args":["[vite]","hot updated: /src/components/slides/TeamSlide.tsx"],"stack":null}
[2026-03-24T12:46:21.615Z] {"timestamp":1774356375643,"level":"DEBUG","args":["[vite]","hot updated: /src/index.css"],"stack":null}
[2026-03-24T12:46:21.615Z] {"timestamp":1774356375643,"level":"DEBUG","args":["[vite]","hot updated: /src/components/slides/TeamSlide.tsx"],"stack":null}
[2026-03-24T12:46:29.702Z] {"timestamp":1774356382594,"level":"DEBUG","args":["[vite]","hot updated: /src/index.css"],"stack":null}
[2026-03-24T12:46:29.702Z] {"timestamp":1774356382594,"level":"DEBUG","args":["[vite]","hot updated: /src/components/slides/TeamSlide.tsx"],"stack":null}
[2026-03-24T12:46:29.702Z] {"timestamp":1774356383990,"level":"DEBUG","args":["[vite]","hot updated: /src/index.css"],"stack":null}
[2026-03-24T12:46:29.702Z] {"timestamp":1774356383990,"level":"DEBUG","args":["[vite]","hot updated: /src/components/slides/TeamSlide.tsx"],"stack":null}
[2026-03-24T12:46:29.702Z] {"timestamp":1774356386522,"level":"DEBUG","args":["[vite]","hot updated: /src/index.css"],"stack":null}
[2026-03-24T12:46:29.702Z] {"timestamp":1774356386523,"level":"DEBUG","args":["[vite]","hot updated: /src/components/slides/TeamSlide.tsx"],"stack":null}
[2026-03-24T12:46:29.702Z] {"timestamp":1774356389358,"level":"DEBUG","args":["[vite]","hot updated: /src/index.css"],"stack":null}
[2026-03-24T12:46:29.702Z] {"timestamp":1774356389358,"level":"DEBUG","args":["[vite]","hot updated: /src/components/slides/TeamSlide.tsx"],"stack":null}
[2026-03-24T12:46:41.830Z] {"timestamp":1774356399299,"level":"DEBUG","args":["[vite]","hot updated: /src/index.css"],"stack":null}
[2026-03-24T12:46:41.830Z] {"timestamp":1774356399300,"level":"DEBUG","args":["[vite]","hot updated: /src/components/slides/TeamSlide.tsx"],"stack":null}
[2026-03-24T12:46:50.686Z] {"timestamp":1774356405920,"level":"DEBUG","args":["[vite]","hot updated: /src/index.css"],"stack":null}
[2026-03-24T12:46:50.686Z] {"timestamp":1774356405920,"level":"DEBUG","args":["[vite]","hot updated: /src/components/slides/TeamSlide.tsx"],"stack":null}
[2026-03-24T12:46:50.686Z] {"timestamp":1774356410445,"level":"DEBUG","args":["[vite]","hot updated: /src/index.css"],"stack":null}
[2026-03-24T12:46:50.686Z] {"timestamp":1774356410445,"level":"DEBUG","args":["[vite]","hot updated: /src/components/slides/TeamSlide.tsx"],"stack":null}
[2026-03-24T12:47:01.641Z] {"timestamp":1774356419936,"level":"DEBUG","args":["[vite]","hot updated: /src/index.css"],"stack":null}
[2026-03-24T12:47:01.641Z] {"timestamp":1774356419937,"level":"DEBUG","args":["[vite]","hot updated: /src/components/slides/TeamSlide.tsx"],"stack":null}
[2026-03-24T12:47:09.772Z] {"timestamp":1774356422862,"level":"DEBUG","args":["[vite]","hot updated: /src/index.css"],"stack":null}
[2026-03-24T12:47:09.772Z] {"timestamp":1774356422862,"level":"DEBUG","args":["[vite]","hot updated: /src/components/slides/TeamSlide.tsx"],"stack":null}
[2026-03-24T12:47:15.034Z] {"timestamp":1774356433261,"level":"DEBUG","args":["[vite]","hot updated: /src/index.css"],"stack":null}
[2026-03-24T12:47:15.034Z] {"timestamp":1774356433262,"level":"DEBUG","args":["[vite]","hot updated: /src/components/slides/TeamSlide.tsx"],"stack":null}
[2026-03-24T12:47:52.797Z] {"timestamp":1774356472481,"level":"DEBUG","args":["[vite]","hot updated: /src/index.css"],"stack":null}
[2026-03-24T12:47:52.797Z] {"timestamp":1774356472482,"level":"DEBUG","args":["[vite]","hot updated: /src/components/slides/TeamSlide.tsx"],"stack":null}
[2026-03-24T12:48:19.116Z] {"timestamp":1774356498909,"level":"DEBUG","args":["[vite]","hot updated: /src/index.css"],"stack":null}
[2026-03-24T12:48:19.116Z] {"timestamp":1774356498909,"level":"DEBUG","args":["[vite]","hot updated: /src/components/slides/FundingSlide.tsx"],"stack":null}
[2026-03-24T12:48:23.738Z] {"timestamp":1774356503403,"level":"DEBUG","args":["[vite]","hot updated: /src/index.css"],"stack":null}
[2026-03-24T12:48:23.738Z] {"timestamp":1774356503403,"level":"DEBUG","args":["[vite]","hot updated: /src/components/slides/FundingSlide.tsx"],"stack":null}
[2026-03-24T12:48:27.036Z] {"timestamp":1774356506791,"level":"DEBUG","args":["[vite]","hot updated: /src/index.css"],"stack":null}
[2026-03-24T12:48:27.036Z] {"timestamp":1774356506791,"level":"DEBUG","args":["[vite]","hot updated: /src/components/slides/FundingSlide.tsx"],"stack":null}
[2026-03-24T12:49:11.233Z] {"timestamp":1774356548833,"level":"DEBUG","args":["[vite]","hot updated: /src/index.css"],"stack":null}
[2026-03-24T12:49:11.233Z] {"timestamp":1774356548834,"level":"DEBUG","args":["[vite]","hot updated: /src/components/slides/FundingSlide.tsx"],"stack":null}
[2026-03-24T12:49:11.233Z] {"timestamp":1774356551216,"level":"DEBUG","args":["[vite]","hot updated: /src/index.css"],"stack":null}
[2026-03-24T12:49:11.233Z] {"timestamp":1774356551216,"level":"DEBUG","args":["[vite]","hot updated: /src/components/slides/FundingSlide.tsx"],"stack":null}
[2026-03-24T12:49:30.417Z] {"timestamp":1774356564960,"level":"DEBUG","args":["[vite]","hot updated: /src/index.css"],"stack":null}
[2026-03-24T12:49:30.417Z] {"timestamp":1774356564960,"level":"DEBUG","args":["[vite]","hot updated: /src/components/slides/FundingSlide.tsx"],"stack":null}
[2026-03-24T12:49:30.417Z] {"timestamp":1774356568389,"level":"DEBUG","args":["[vite]","hot updated: /src/index.css"],"stack":null}
[2026-03-24T12:49:30.417Z] {"timestamp":1774356568389,"level":"DEBUG","args":["[vite]","hot updated: /src/components/slides/FundingSlide.tsx"],"stack":null}
[2026-03-24T12:49:32.419Z] {"timestamp":1774356571918,"level":"DEBUG","args":["[vite]","hot updated: /src/index.css"],"stack":null}
[2026-03-24T12:49:32.419Z] {"timestamp":1774356571918,"level":"DEBUG","args":["[vite]","hot updated: /src/components/slides/FundingSlide.tsx"],"stack":null}
[2026-03-24T12:49:38.899Z] {"timestamp":1774356578417,"level":"DEBUG","args":["[vite]","hot updated: /src/index.css"],"stack":null}
[2026-03-24T12:49:38.899Z] {"timestamp":1774356578417,"level":"DEBUG","args":["[vite]","hot updated: /src/components/slides/FundingSlide.tsx"],"stack":null}
[2026-03-24T12:49:43.721Z] {"timestamp":1774356582041,"level":"DEBUG","args":["[vite]","hot updated: /src/index.css"],"stack":null}
[2026-03-24T12:49:43.721Z] {"timestamp":1774356582041,"level":"DEBUG","args":["[vite]","hot updated: /src/components/slides/FundingSlide.tsx"],"stack":null}
[2026-03-24T12:50:57.610Z] {"timestamp":1774356654993,"level":"DEBUG","args":["[vite]","hot updated: /src/index.css"],"stack":null}
[2026-03-24T12:50:57.610Z] {"timestamp":1774356654993,"level":"DEBUG","args":["[vite]","hot updated: /src/components/slides/FundingSlide.tsx"],"stack":null}
[2026-03-24T12:51:00.477Z] {"timestamp":1774356658417,"level":"DEBUG","args":["[vite]","hot updated: /src/index.css"],"stack":null}
[2026-03-24T12:51:00.477Z] {"timestamp":1774356658417,"level":"DEBUG","args":["[vite]","hot updated: /src/components/slides/FundingSlide.tsx"],"stack":null}
[2026-03-24T12:51:06.940Z] {"timestamp":1774356664946,"level":"DEBUG","args":["[vite]","hot updated: /src/index.css"],"stack":null}
[2026-03-24T12:51:06.940Z] {"timestamp":1774356664946,"level":"DEBUG","args":["[vite]","hot updated: /src/components/slides/FundingSlide.tsx"],"stack":null}
[2026-03-24T12:51:17.018Z] {"timestamp":1774356674063,"level":"DEBUG","args":["[vite]","hot updated: /src/index.css"],"stack":null}
[2026-03-24T12:51:17.018Z] {"timestamp":1774356674063,"level":"DEBUG","args":["[vite]","hot updated: /src/components/slides/FundingSlide.tsx"],"stack":null}
[2026-03-24T12:51:17.018Z] {"timestamp":1774356675836,"level":"DEBUG","args":["[vite]","hot updated: /src/index.css"],"stack":null}
[2026-03-24T12:51:17.018Z] {"timestamp":1774356675836,"level":"DEBUG","args":["[vite]","hot updated: /src/components/slides/FundingSlide.tsx"],"stack":null}
[2026-03-24T12:51:42.304Z] {"timestamp":1774356701791,"level":"ERROR","args":["[vite]",{"type":"Error","message":"Importing a module script failed."}],"stack":"@http://localhost:3000/__manus__/debug-collector.js:391:46\nwarnFailedUpdate@http://localhost:3000/@vite/client:180:83\n@http://localhost:3000/@vite/client:212:26"}
[2026-03-24T12:51:42.304Z] {"timestamp":1774356701802,"level":"ERROR","args":["[vite]","Failed to reload /src/components/slides/TeamSlide.tsx. This could be due to syntax errors or importing non-existent modules. (see errors above)"],"stack":"@http://localhost:3000/__manus__/debug-collector.js:391:46\nwarnFailedUpdate@http://localhost:3000/@vite/client:181:20\n@http://localhost:3000/@vite/client:212:26"}
[2026-03-24T12:51:42.304Z] {"timestamp":1774356701825,"level":"DEBUG","args":["[vite]","hot updated: /src/index.css"],"stack":null}
[2026-03-24T12:51:42.304Z] {"timestamp":1774356701825,"level":"DEBUG","args":["[vite]","hot updated: /src/components/slides/TeamSlide.tsx"],"stack":null}
[2026-03-24T12:52:07.938Z] {"timestamp":1774356703798,"level":"ERROR","args":["[vite]",{"type":"Error","message":"Importing a module script failed."}],"stack":"@http://localhost:3000/__manus__/debug-collector.js:391:46\nwarnFailedUpdate@http://localhost:3000/@vite/client:180:83\n@http://localhost:3000/@vite/client:212:26"}
[2026-03-24T12:52:07.938Z] {"timestamp":1774356703799,"level":"ERROR","args":["[vite]","Failed to reload /src/components/slides/TeamSlide.tsx. This could be due to syntax errors or importing non-existent modules. (see errors above)"],"stack":"@http://localhost:3000/__manus__/debug-collector.js:391:46\nwarnFailedUpdate@http://localhost:3000/@vite/client:181:20\n@http://localhost:3000/@vite/client:212:26"}
[2026-03-24T12:52:07.938Z] {"timestamp":1774356703830,"level":"DEBUG","args":["[vite]","hot updated: /src/index.css"],"stack":null}
[2026-03-24T12:52:07.938Z] {"timestamp":1774356703830,"level":"DEBUG","args":["[vite]","hot updated: /src/components/slides/TeamSlide.tsx"],"stack":null}
[2026-03-24T12:52:07.938Z] {"timestamp":1774356708143,"level":"ERROR","args":["[vite]",{"type":"Error","message":"Importing a module script failed."}],"stack":"@http://localhost:3000/__manus__/debug-collector.js:391:46\nwarnFailedUpdate@http://localhost:3000/@vite/client:180:83\n@http://localhost:3000/@vite/client:212:26"}
[2026-03-24T12:52:07.938Z] {"timestamp":1774356708143,"level":"ERROR","args":["[vite]","Failed to reload /src/components/slides/TeamSlide.tsx. This could be due to syntax errors or importing non-existent modules. (see errors above)"],"stack":"@http://localhost:3000/__manus__/debug-collector.js:391:46\nwarnFailedUpdate@http://localhost:3000/@vite/client:181:20\n@http://localhost:3000/@vite/client:212:26"}
[2026-03-24T12:52:07.938Z] {"timestamp":1774356708144,"level":"DEBUG","args":["[vite]","hot updated: /src/index.css"],"stack":null}
[2026-03-24T12:52:07.938Z] {"timestamp":1774356708144,"level":"DEBUG","args":["[vite]","hot updated: /src/components/slides/TeamSlide.tsx"],"stack":null}
[2026-03-24T12:52:09.937Z] {"timestamp":1774356728207,"level":"DEBUG","args":["[vite]","hot updated: /src/index.css"],"stack":null}
[2026-03-24T12:52:09.937Z] {"timestamp":1774356728207,"level":"DEBUG","args":["[vite]","hot updated: /src/components/slides/TeamSlide.tsx"],"stack":null}
[2026-03-24T12:52:09.937Z] {"timestamp":1774356728255,"level":"DEBUG","args":["[vite]","hot updated: /src/index.css"],"stack":null}
[2026-03-24T12:52:09.937Z] {"timestamp":1774356728255,"level":"DEBUG","args":["[vite]","hot updated: /src/components/slides/TeamSlide.tsx"],"stack":null}
[2026-03-24T12:52:09.937Z] {"timestamp":1774356728315,"level":"DEBUG","args":["[vite]","hot updated: /src/index.css"],"stack":null}
[2026-03-24T12:52:09.937Z] {"timestamp":1774356728315,"level":"DEBUG","args":["[vite]","hot updated: /src/components/slides/TeamSlide.tsx"],"stack":null}
[2026-03-24T12:52:48.777Z] {"timestamp":1774356766586,"level":"DEBUG","args":["[vite]","hot updated: /src/index.css"],"stack":null}
[2026-03-24T12:52:48.777Z] {"timestamp":1774356766587,"level":"DEBUG","args":["[vite]","hot updated: /src/components/slides/ImpactSlide.tsx"],"stack":null}
[2026-03-24T12:52:48.777Z] {"timestamp":1774356767696,"level":"DEBUG","args":["[vite]","hot updated: /src/index.css"],"stack":null}
[2026-03-24T12:52:48.777Z] {"timestamp":1774356767697,"level":"DEBUG","args":["[vite]","hot updated: /src/components/slides/ImpactSlide.tsx"],"stack":null}
[2026-03-24T12:52:48.777Z] {"timestamp":1774356768665,"level":"DEBUG","args":["[vite]","hot updated: /src/index.css"],"stack":null}
[2026-03-24T12:52:48.777Z] {"timestamp":1774356768666,"level":"DEBUG","args":["[vite]","hot updated: /src/components/slides/ImpactSlide.tsx"],"stack":null}
[2026-03-24T12:53:41.911Z] {"timestamp":1774356821085,"level":"DEBUG","args":["[vite]","hot updated: /src/index.css"],"stack":null}
[2026-03-24T12:53:41.911Z] {"timestamp":1774356821086,"level":"DEBUG","args":["[vite]","hot updated: /src/components/slides/ClosingSlide.tsx"],"stack":null}
[2026-03-24T12:53:46.277Z] {"timestamp":1774356823776,"level":"DEBUG","args":["[vite]","hot updated: /src/index.css"],"stack":null}
[2026-03-24T12:53:46.277Z] {"timestamp":1774356823776,"level":"DEBUG","args":["[vite]","hot updated: /src/components/slides/ClosingSlide.tsx"],"stack":null}
[2026-03-24T12:53:52.424Z] {"timestamp":1774356830564,"level":"DEBUG","args":["[vite]","hot updated: /src/index.css"],"stack":null}
[2026-03-24T12:53:52.424Z] {"timestamp":1774356830564,"level":"DEBUG","args":["[vite]","hot updated: /src/components/slides/ClosingSlide.tsx"],"stack":null}
[2026-03-24T12:53:58.710Z] {"timestamp":1774356838235,"level":"DEBUG","args":["[vite]","hot updated: /src/index.css"],"stack":null}
[2026-03-24T12:53:58.710Z] {"timestamp":1774356838235,"level":"DEBUG","args":["[vite]","hot updated: /src/components/slides/ClosingSlide.tsx"],"stack":null}
[2026-03-24T12:55:38.218Z] {"timestamp":1774356935993,"level":"DEBUG","args":["[vite]","hot updated: /src/index.css"],"stack":null}
[2026-03-24T12:55:38.218Z] {"timestamp":1774356935994,"level":"DEBUG","args":["[vite]","hot updated: /src/components/slides/ClosingSlide.tsx"],"stack":null}
[2026-03-24T12:55:45.953Z] {"timestamp":1774356945088,"level":"DEBUG","args":["[vite]","hot updated: /src/index.css"],"stack":null}
[2026-03-24T12:55:45.953Z] {"timestamp":1774356945088,"level":"DEBUG","args":["[vite]","hot updated: /src/components/slides/CoverSlide.tsx"],"stack":null}
[2026-03-24T12:56:01.504Z] {"timestamp":1774356961358,"level":"DEBUG","args":["[vite]","hot updated: /src/index.css"],"stack":null}
[2026-03-24T12:56:01.504Z] {"timestamp":1774356961358,"level":"DEBUG","args":["[vite]","hot updated: /src/components/slides/CoverSlide.tsx"],"stack":null}
[2026-03-24T12:56:09.531Z] {"timestamp":1774356966671,"level":"DEBUG","args":["[vite]","hot updated: /src/index.css"],"stack":null}
[2026-03-24T12:56:09.531Z] {"timestamp":1774356966672,"level":"DEBUG","args":["[vite]","hot updated: /src/components/slides/CoverSlide.tsx"],"stack":null}
[2026-03-24T12:56:15.628Z] {"timestamp":1774356973987,"level":"DEBUG","args":["[vite]","hot updated: /src/index.css"],"stack":null}
[2026-03-24T12:56:15.628Z] {"timestamp":1774356973988,"level":"DEBUG","args":["[vite]","hot updated: /src/components/slides/CoverSlide.tsx"],"stack":null}
[2026-03-24T12:56:21.177Z] {"timestamp":1774356979170,"level":"DEBUG","args":["[Manus] Debug collector initialized (no rrweb, UI events only)"],"stack":null}
[2026-03-24T12:56:21.177Z] {"timestamp":1774356979194,"level":"DEBUG","args":["[vite] connected."],"stack":null}
[2026-03-24T12:56:34.979Z] {"timestamp":1774356992132,"level":"DEBUG","args":["[vite]","hot updated: /src/index.css"],"stack":null}
[2026-03-24T12:56:34.979Z] {"timestamp":1774356992132,"level":"DEBUG","args":["[vite]","hot updated: /src/components/slides/CoverSlide.tsx"],"stack":null}
[2026-03-24T12:57:06.190Z] {"timestamp":1774357024258,"level":"DEBUG","args":["[vite]","hot updated: /src/index.css"],"stack":null}
[2026-03-24T12:57:06.190Z] {"timestamp":1774357024259,"level":"DEBUG","args":["[vite]","hot updated: /src/components/slides/CoverSlide.tsx"],"stack":null}
[2026-03-24T12:57:06.190Z] {"timestamp":1774357024363,"level":"DEBUG","args":["[vite]","hot updated: /src/index.css"],"stack":null}
[2026-03-24T12:57:06.190Z] {"timestamp":1774357024363,"level":"DEBUG","args":["[vite]","hot updated: /src/components/slides/CoverSlide.tsx"],"stack":null}
[2026-03-24T12:57:06.190Z] {"timestamp":1774357024728,"level":"DEBUG","args":["[vite]","hot updated: /src/index.css"],"stack":null}
[2026-03-24T12:57:06.190Z] {"timestamp":1774357024728,"level":"DEBUG","args":["[vite]","hot updated: /src/components/slides/CoverSlide.tsx"],"stack":null}
[2026-03-24T12:57:06.190Z] {"timestamp":1774357024857,"level":"DEBUG","args":["[vite]","hot updated: /src/index.css"],"stack":null}
[2026-03-24T12:57:06.190Z] {"timestamp":1774357024857,"level":"DEBUG","args":["[vite]","hot updated: /src/components/slides/CoverSlide.tsx"],"stack":null}
[2026-03-24T12:57:27.218Z] {"timestamp":1774357046322,"level":"DEBUG","args":["[vite]","hot updated: /src/index.css"],"stack":null}
[2026-03-24T12:57:27.218Z] {"timestamp":1774357046323,"level":"DEBUG","args":["[vite]","hot updated: /src/components/slides/ClosingSlide.tsx"],"stack":null}
[2026-03-24T12:57:27.218Z] {"timestamp":1774357047067,"level":"DEBUG","args":["[vite]","hot updated: /src/index.css"],"stack":null}
[2026-03-24T12:57:27.218Z] {"timestamp":1774357047069,"level":"DEBUG","args":["[vite]","hot updated: /src/components/slides/ClosingSlide.tsx"],"stack":null}
[2026-03-24T12:57:54.320Z] {"timestamp":1774357069172,"level":"DEBUG","args":["[vite]","hot updated: /src/index.css"],"stack":null}
[2026-03-24T12:57:54.320Z] {"timestamp":1774357069172,"level":"DEBUG","args":["[vite]","hot updated: /src/components/slides/ClosingSlide.tsx"],"stack":null}
[2026-03-24T12:57:56.322Z] {"timestamp":1774357074475,"level":"DEBUG","args":["[vite]","hot updated: /src/index.css"],"stack":null}
[2026-03-24T12:57:56.322Z] {"timestamp":1774357074475,"level":"DEBUG","args":["[vite]","hot updated: /src/components/slides/ClosingSlide.tsx"],"stack":null}
[2026-03-24T12:57:56.322Z] {"timestamp":1774357074530,"level":"DEBUG","args":["[vite]","hot updated: /src/index.css"],"stack":null}
[2026-03-24T12:57:56.322Z] {"timestamp":1774357074530,"level":"DEBUG","args":["[vite]","hot updated: /src/components/slides/ClosingSlide.tsx"],"stack":null}
[2026-03-24T12:58:01.027Z] {"timestamp":1774357079808,"level":"DEBUG","args":["[vite]","hot updated: /src/index.css"],"stack":null}
[2026-03-24T12:58:01.027Z] {"timestamp":1774357079809,"level":"DEBUG","args":["[vite]","hot updated: /src/components/slides/ClosingSlide.tsx"],"stack":null}
[2026-03-24T12:58:03.877Z] {"timestamp":1774357082664,"level":"DEBUG","args":["[vite]","hot updated: /src/index.css"],"stack":null}
[2026-03-24T12:58:03.877Z] {"timestamp":1774357082664,"level":"DEBUG","args":["[vite]","hot updated: /src/components/slides/ClosingSlide.tsx"],"stack":null}
[2026-03-24T12:58:03.877Z] {"timestamp":1774357083024,"level":"DEBUG","args":["[vite]","hot updated: /src/index.css"],"stack":null}
[2026-03-24T12:58:03.877Z] {"timestamp":1774357083025,"level":"DEBUG","args":["[vite]","hot updated: /src/components/slides/ClosingSlide.tsx"],"stack":null}
[2026-03-24T12:58:23.885Z] {"timestamp":1774357101497,"level":"DEBUG","args":["[vite]","hot updated: /src/index.css"],"stack":null}
[2026-03-24T12:58:23.885Z] {"timestamp":1774357101497,"level":"DEBUG","args":["[vite]","hot updated: /src/components/slides/ClosingSlide.tsx"],"stack":null}
[2026-03-24T12:58:23.885Z] {"timestamp":1774357103722,"level":"DEBUG","args":["[vite]","hot updated: /src/index.css"],"stack":null}
[2026-03-24T12:58:23.885Z] {"timestamp":1774357103722,"level":"DEBUG","args":["[vite]","hot updated: /src/components/slides/ClosingSlide.tsx"],"stack":null}
[2026-03-24T12:58:28.790Z] {"timestamp":1774357108263,"level":"DEBUG","args":["[vite]","hot updated: /src/index.css"],"stack":null}
[2026-03-24T12:58:28.790Z] {"timestamp":1774357108263,"level":"DEBUG","args":["[vite]","hot updated: /src/components/slides/ClosingSlide.tsx"],"stack":null}
[2026-03-24T12:59:45.101Z] {"timestamp":1774357184942,"level":"DEBUG","args":["[vite]","hot updated: /src/index.css"],"stack":null}
[2026-03-24T12:59:45.101Z] {"timestamp":1774357184942,"level":"DEBUG","args":["[vite]","hot updated: /src/components/slides/ClosingSlide.tsx"],"stack":null}
[2026-03-24T12:59:49.380Z] {"timestamp":1774357188539,"level":"DEBUG","args":["[vite]","hot updated: /src/index.css"],"stack":null}
[2026-03-24T12:59:49.380Z] {"timestamp":1774357188539,"level":"DEBUG","args":["[vite]","hot updated: /src/components/slides/ClosingSlide.tsx"],"stack":null}
[2026-03-24T13:01:55.261Z] {"timestamp":1774357313314,"level":"DEBUG","args":["[vite]","hot updated: /src/index.css"],"stack":null}
[2026-03-24T13:01:55.261Z] {"timestamp":1774357313314,"level":"DEBUG","args":["[vite]","hot updated: /src/components/slides/ClosingSlide.tsx"],"stack":null}
[2026-03-24T13:01:55.261Z] {"timestamp":1774357313374,"level":"DEBUG","args":["[vite]","hot updated: /src/index.css"],"stack":null}
[2026-03-24T13:01:55.261Z] {"timestamp":1774357313374,"level":"DEBUG","args":["[vite]","hot updated: /src/components/slides/ClosingSlide.tsx"],"stack":null}
[2026-03-24T13:01:55.261Z] {"timestamp":1774357313461,"level":"DEBUG","args":["[vite]","hot updated: /src/index.css"],"stack":null}
[2026-03-24T13:01:55.261Z] {"timestamp":1774357313461,"level":"DEBUG","args":["[vite]","hot updated: /src/components/slides/ClosingSlide.tsx"],"stack":null}
[2026-03-24T13:01:55.261Z] {"timestamp":1774357313542,"level":"DEBUG","args":["[vite]","hot updated: /src/index.css"],"stack":null}
[2026-03-24T13:01:55.261Z] {"timestamp":1774357313542,"level":"DEBUG","args":["[vite]","hot updated: /src/components/slides/ClosingSlide.tsx"],"stack":null}
[2026-03-24T13:01:55.261Z] {"timestamp":1774357313644,"level":"DEBUG","args":["[vite]","hot updated: /src/index.css"],"stack":null}
[2026-03-24T13:01:55.261Z] {"timestamp":1774357313644,"level":"DEBUG","args":["[vite]","hot updated: /src/components/slides/ClosingSlide.tsx"],"stack":null}
[2026-03-24T13:01:55.261Z] {"timestamp":1774357313695,"level":"DEBUG","args":["[vite]","hot updated: /src/index.css"],"stack":null}
[2026-03-24T13:01:55.261Z] {"timestamp":1774357313695,"level":"DEBUG","args":["[vite]","hot updated: /src/components/slides/ClosingSlide.tsx"],"stack":null}
[2026-03-24T13:02:01.785Z] {"timestamp":1774357319819,"level":"DEBUG","args":["[vite]","hot updated: /src/index.css"],"stack":null}
[2026-03-24T13:02:01.785Z] {"timestamp":1774357319819,"level":"DEBUG","args":["[vite]","hot updated: /src/components/slides/ClosingSlide.tsx"],"stack":null}
[2026-03-24T13:02:01.785Z] {"timestamp":1774357320856,"level":"DEBUG","args":["[vite]","hot updated: /src/index.css"],"stack":null}
[2026-03-24T13:02:01.785Z] {"timestamp":1774357320856,"level":"DEBUG","args":["[vite]","hot updated: /src/components/slides/ClosingSlide.tsx"],"stack":null}
[2026-03-24T13:03:08.024Z] {"timestamp":1774357386098,"level":"DEBUG","args":["[vite]","hot updated: /src/index.css"],"stack":null}
[2026-03-24T13:03:08.024Z] {"timestamp":1774357386098,"level":"DEBUG","args":["[vite]","hot updated: /src/components/slides/CoverSlide.tsx"],"stack":null}
[2026-03-24T13:03:08.024Z] {"timestamp":1774357386449,"level":"DEBUG","args":["[vite]","hot updated: /src/index.css"],"stack":null}
[2026-03-24T13:03:08.024Z] {"timestamp":1774357386449,"level":"DEBUG","args":["[vite]","hot updated: /src/components/slides/CoverSlide.tsx"],"stack":null}
[2026-03-24T13:03:08.024Z] {"timestamp":1774357386499,"level":"DEBUG","args":["[vite]","hot updated: /src/index.css"],"stack":null}
[2026-03-24T13:03:08.024Z] {"timestamp":1774357386499,"level":"DEBUG","args":["[vite]","hot updated: /src/components/slides/CoverSlide.tsx"],"stack":null}
[2026-03-24T13:03:08.024Z] {"timestamp":1774357386583,"level":"DEBUG","args":["[vite]","hot updated: /src/index.css"],"stack":null}
[2026-03-24T13:03:08.024Z] {"timestamp":1774357386583,"level":"DEBUG","args":["[vite]","hot updated: /src/components/slides/CoverSlide.tsx"],"stack":null}
[2026-03-24T13:03:32.354Z] {"timestamp":1774357409294,"level":"DEBUG","args":["[vite]","hot updated: /src/index.css"],"stack":null}
[2026-03-24T13:03:32.354Z] {"timestamp":1774357409294,"level":"DEBUG","args":["[vite]","hot updated: /src/components/slides/CoverSlide.tsx"],"stack":null}
[2026-03-24T13:03:32.354Z] {"timestamp":1774357411312,"level":"DEBUG","args":["[vite]","hot updated: /src/index.css"],"stack":null}
[2026-03-24T13:03:32.354Z] {"timestamp":1774357411312,"level":"DEBUG","args":["[vite]","hot updated: /src/components/slides/CoverSlide.tsx"],"stack":null}
[2026-03-24T13:03:34.421Z] {"timestamp":1774357414420,"level":"DEBUG","args":["[vite]","hot updated: /src/index.css"],"stack":null}
[2026-03-24T13:03:34.421Z] {"timestamp":1774357414420,"level":"DEBUG","args":["[vite]","hot updated: /src/components/slides/CoverSlide.tsx"],"stack":null}
[2026-03-24T13:03:59.337Z] {"timestamp":1774357438384,"level":"DEBUG","args":["[vite]","hot updated: /src/index.css"],"stack":null}
[2026-03-24T13:03:59.337Z] {"timestamp":1774357438387,"level":"DEBUG","args":["[vite]","hot updated: /src/components/slides/CoverSlide.tsx"],"stack":null}
[2026-03-24T13:07:10.604Z] {"timestamp":1774357630400,"level":"DEBUG","args":["[vite]","hot updated: /src/index.css"],"stack":null}
[2026-03-24T13:07:10.604Z] {"timestamp":1774357630401,"level":"DEBUG","args":["[vite]","hot updated: /src/components/slides/WhyNowSlide.tsx"],"stack":null}
[2026-03-24T13:08:26.732Z] {"timestamp":1774357705294,"level":"DEBUG","args":["[vite]","hot updated: /src/index.css"],"stack":null}
[2026-03-24T13:08:26.732Z] {"timestamp":1774357705294,"level":"DEBUG","args":["[vite]","hot updated: /src/components/slides/WhyNowSlide.tsx"],"stack":null}
[2026-03-24T13:08:28.731Z] {"timestamp":1774357707541,"level":"DEBUG","args":["[vite]","hot updated: /src/index.css"],"stack":null}
[2026-03-24T13:08:28.731Z] {"timestamp":1774357707541,"level":"DEBUG","args":["[vite]","hot updated: /src/components/slides/WhyNowSlide.tsx"],"stack":null}
[2026-03-24T13:09:04.788Z] {"timestamp":1774357743817,"level":"ERROR","args":["[vite]",{"type":"Error","message":"Importing a module script failed."}],"stack":"@http://localhost:3000/__manus__/debug-collector.js:391:46\nwarnFailedUpdate@http://localhost:3000/@vite/client:180:83\n@http://localhost:3000/@vite/client:212:26"}
[2026-03-24T13:09:04.788Z] {"timestamp":1774357743833,"level":"ERROR","args":["[vite]","Failed to reload /src/components/slides/WhyNowSlide.tsx. This could be due to syntax errors or importing non-existent modules. (see errors above)"],"stack":"@http://localhost:3000/__manus__/debug-collector.js:391:46\nwarnFailedUpdate@http://localhost:3000/@vite/client:181:20\n@http://localhost:3000/@vite/client:212:26"}
[2026-03-24T13:09:04.788Z] {"timestamp":1774357743834,"level":"DEBUG","args":["[vite]","hot updated: /src/index.css"],"stack":null}
[2026-03-24T13:09:04.788Z] {"timestamp":1774357743834,"level":"DEBUG","args":["[vite]","hot updated: /src/components/slides/WhyNowSlide.tsx"],"stack":null}
[2026-03-24T13:09:09.172Z] {"timestamp":1774357747512,"level":"ERROR","args":["[vite]",{"type":"Error","message":"Importing a module script failed."}],"stack":"@http://localhost:3000/__manus__/debug-collector.js:391:46\nwarnFailedUpdate@http://localhost:3000/@vite/client:180:83\n@http://localhost:3000/@vite/client:212:26"}
[2026-03-24T13:09:09.172Z] {"timestamp":1774357747512,"level":"ERROR","args":["[vite]","Failed to reload /src/components/slides/WhyNowSlide.tsx. This could be due to syntax errors or importing non-existent modules. (see errors above)"],"stack":"@http://localhost:3000/__manus__/debug-collector.js:391:46\nwarnFailedUpdate@http://localhost:3000/@vite/client:181:20\n@http://localhost:3000/@vite/client:212:26"}
[2026-03-24T13:09:09.172Z] {"timestamp":1774357747512,"level":"DEBUG","args":["[vite]","hot updated: /src/index.css"],"stack":null}
[2026-03-24T13:09:09.172Z] {"timestamp":1774357747512,"level":"DEBUG","args":["[vite]","hot updated: /src/components/slides/WhyNowSlide.tsx"],"stack":null}
[2026-03-24T13:09:11.175Z] {"timestamp":1774357750918,"level":"DEBUG","args":["[vite]","hot updated: /src/index.css"],"stack":null}
[2026-03-24T13:09:11.175Z] {"timestamp":1774357750918,"level":"DEBUG","args":["[vite]","hot updated: /src/components/slides/WhyNowSlide.tsx"],"stack":null}
[2026-03-24T13:09:55.497Z] {"timestamp":1774357793238,"level":"DEBUG","args":["[vite]","hot updated: /src/index.css"],"stack":null}
[2026-03-24T13:09:55.497Z] {"timestamp":1774357793239,"level":"DEBUG","args":["[vite]","hot updated: /src/components/slides/WhyNowSlide.tsx"],"stack":null}
[2026-03-24T13:09:55.497Z] {"timestamp":1774357795379,"level":"DEBUG","args":["[vite]","hot updated: /src/index.css"],"stack":null}
[2026-03-24T13:09:55.497Z] {"timestamp":1774357795379,"level":"DEBUG","args":["[vite]","hot updated: /src/components/slides/WhyNowSlide.tsx"],"stack":null}
[2026-03-24T13:09:57.499Z] {"timestamp":1774357795507,"level":"DEBUG","args":["[vite]","hot updated: /src/index.css"],"stack":null}
[2026-03-24T13:09:57.500Z] {"timestamp":1774357795507,"level":"DEBUG","args":["[vite]","hot updated: /src/components/slides/WhyNowSlide.tsx"],"stack":null}
[2026-03-24T13:10:35.691Z] {"timestamp":1774357833749,"level":"DEBUG","args":["[vite]","hot updated: /src/index.css"],"stack":null}
[2026-03-24T13:10:35.691Z] {"timestamp":1774357833749,"level":"DEBUG","args":["[vite]","hot updated: /src/components/slides/WhyNowSlide.tsx"],"stack":null}
[2026-03-24T13:10:35.691Z] {"timestamp":1774357833809,"level":"DEBUG","args":["[vite]","hot updated: /src/index.css"],"stack":null}
[2026-03-24T13:10:35.691Z] {"timestamp":1774357833809,"level":"DEBUG","args":["[vite]","hot updated: /src/components/slides/WhyNowSlide.tsx"],"stack":null}
[2026-03-24T13:11:01.395Z] {"timestamp":1774357859902,"level":"DEBUG","args":["[vite]","hot updated: /src/index.css"],"stack":null}
[2026-03-24T13:11:01.395Z] {"timestamp":1774357859902,"level":"DEBUG","args":["[vite]","hot updated: /src/components/slides/WhyNowSlide.tsx"],"stack":null}
[2026-03-24T13:11:05.335Z] {"timestamp":1774357862532,"level":"DEBUG","args":["[vite]","hot updated: /src/index.css"],"stack":null}
[2026-03-24T13:11:05.335Z] {"timestamp":1774357862532,"level":"DEBUG","args":["[vite]","hot updated: /src/components/slides/WhyNowSlide.tsx"],"stack":null}
[2026-03-24T13:11:07.336Z] {"timestamp":1774357865334,"level":"DEBUG","args":["[vite]","hot updated: /src/index.css"],"stack":null}
[2026-03-24T13:11:07.336Z] {"timestamp":1774357865334,"level":"DEBUG","args":["[vite]","hot updated: /src/components/slides/WhyNowSlide.tsx"],"stack":null}
[2026-03-24T13:11:26.623Z] {"timestamp":1774357881034,"level":"DEBUG","args":["[vite]","hot updated: /src/index.css"],"stack":null}
[2026-03-24T13:11:26.623Z] {"timestamp":1774357881034,"level":"DEBUG","args":["[vite]","hot updated: /src/components/slides/WhyNowSlide.tsx"],"stack":null}
[2026-03-24T13:11:26.623Z] {"timestamp":1774357881938,"level":"DEBUG","args":["[vite]","hot updated: /src/index.css"],"stack":null}
[2026-03-24T13:11:26.623Z] {"timestamp":1774357881938,"level":"DEBUG","args":["[vite]","hot updated: /src/components/slides/WhyNowSlide.tsx"],"stack":null}
[2026-03-24T13:11:29.284Z] {"timestamp":1774357887893,"level":"DEBUG","args":["[vite]","hot updated: /src/index.css"],"stack":null}
[2026-03-24T13:11:29.284Z] {"timestamp":1774357887893,"level":"DEBUG","args":["[vite]","hot updated: /src/components/slides/WhyNowSlide.tsx"],"stack":null}
[2026-03-24T13:11:29.284Z] {"timestamp":1774357888619,"level":"DEBUG","args":["[vite]","hot updated: /src/index.css"],"stack":null}
[2026-03-24T13:11:29.284Z] {"timestamp":1774357888619,"level":"DEBUG","args":["[vite]","hot updated: /src/components/slides/WhyNowSlide.tsx"],"stack":null}
[2026-03-24T13:11:50.186Z] {"timestamp":1774357909214,"level":"DEBUG","args":["[vite]","hot updated: /src/index.css"],"stack":null}
[2026-03-24T13:11:50.186Z] {"timestamp":1774357909215,"level":"DEBUG","args":["[vite]","hot updated: /src/components/slides/WhyNowSlide.tsx"],"stack":null}
[2026-03-24T13:11:54.311Z] {"timestamp":1774357911642,"level":"DEBUG","args":["[vite]","hot updated: /src/index.css"],"stack":null}
[2026-03-24T13:11:54.311Z] {"timestamp":1774357911642,"level":"DEBUG","args":["[vite]","hot updated: /src/components/slides/WhyNowSlide.tsx"],"stack":null}
[2026-03-24T13:12:01.830Z] {"timestamp":1774357919938,"level":"DEBUG","args":["[vite]","hot updated: /src/index.css"],"stack":null}
[2026-03-24T13:12:01.830Z] {"timestamp":1774357919938,"level":"DEBUG","args":["[vite]","hot updated: /src/components/slides/WhyNowSlide.tsx"],"stack":null}
[2026-03-24T13:12:01.830Z] {"timestamp":1774357919988,"level":"DEBUG","args":["[vite]","hot updated: /src/index.css"],"stack":null}
[2026-03-24T13:12:01.830Z] {"timestamp":1774357919988,"level":"DEBUG","args":["[vite]","hot updated: /src/components/slides/WhyNowSlide.tsx"],"stack":null}
[2026-03-24T13:12:21.009Z] {"timestamp":1774357933552,"level":"DEBUG","args":["[vite]","hot updated: /src/index.css"],"stack":null}
[2026-03-24T13:12:21.009Z] {"timestamp":1774357933552,"level":"DEBUG","args":["[vite]","hot updated: /src/components/slides/WhyNowSlide.tsx"],"stack":null}
[2026-03-24T13:12:21.009Z] {"timestamp":1774357935454,"level":"DEBUG","args":["[vite]","hot updated: /src/index.css"],"stack":null}
[2026-03-24T13:12:21.009Z] {"timestamp":1774357935454,"level":"DEBUG","args":["[vite]","hot updated: /src/components/slides/WhyNowSlide.tsx"],"stack":null}
[2026-03-24T13:12:23.010Z] {"timestamp":1774357941139,"level":"DEBUG","args":["[vite]","hot updated: /src/index.css"],"stack":null}
[2026-03-24T13:12:23.010Z] {"timestamp":1774357941139,"level":"DEBUG","args":["[vite]","hot updated: /src/components/slides/WhyNowSlide.tsx"],"stack":null}
[2026-03-24T13:13:32.370Z] {"timestamp":1774358010532,"level":"DEBUG","args":["[vite]","hot updated: /src/index.css"],"stack":null}
[2026-03-24T13:13:32.370Z] {"timestamp":1774358010532,"level":"DEBUG","args":["[vite]","hot updated: /src/components/slides/ImpactSlide.tsx"],"stack":null}
[2026-03-24T13:13:32.370Z] {"timestamp":1774358010539,"level":"DEBUG","args":["[vite]","hot updated: /src/index.css"],"stack":null}
[2026-03-24T13:13:32.370Z] {"timestamp":1774358010540,"level":"DEBUG","args":["[vite]","hot updated: /src/components/slides/ImpactSlide.tsx"],"stack":null}
